<?xml version="1.0" encoding="UTF-8"?>
<!-- Generated by org.testng.reporters.JUnitReportReporter -->
<testsuite hostname="IGIL0002" failures="0" tests="1" name="test.ValidateUserName" time="52.085" errors="0" timestamp="2023-07-03T14:37:57 IST" skipped="0">
  <testcase classname="test.ValidateUserName" name="validateUserName1" time="52.085">
    <system-out>
      <![CDATA[reading data
Namita Niraj Patil
Namita Niraj Patil
Taking screenshot..]]>
    </system-out>
  </testcase> <!-- validateUserName1 -->
  <system-out>
    <![CDATA[Launching browser..
Clicking on My AccountPage button
Clicking on Home Page sign In button
reading data
Clicking on Enter Mobile Number button
Clicking on Sign In with password button
reading data
Clicking Enter Password button
Clicking on sign In button
Clicking on MyAccount button
Clicking on My Profile button
Switching to Child Page
reading data
Namita Niraj Patil
Namita Niraj Patil
Taking screenshot..
Logging out
Closing browser...]]>
  </system-out>
</testsuite> <!-- test.ValidateUserName -->
